Copyright 1986-2022 Xilinx, Inc. All Rights Reserved. Copyright 2022-2025 Advanced Micro Devices, Inc. All Rights Reserved.
------------------------------------------------------------------------------------------------------------------------------------------------
| Tool Version : Vivado v.2025.2 (win64) Build 6299465 Fri Nov 14 19:35:11 GMT 2025
| Date         : Wed May 27 14:53:44 2026
| Host         : WIN-9IUTA26JBLN running 64-bit major release  (build 9200)
| Command      : report_drc -file gppFileMultiplexed3_drc_opted.rpt -pb gppFileMultiplexed3_drc_opted.pb -rpx gppFileMultiplexed3_drc_opted.rpx
| Design       : gppFileMultiplexed3
| Device       : xc7a35tcpg236-1
| Speed File   : -1
| Design State : Synthesized
------------------------------------------------------------------------------------------------------------------------------------------------

Report DRC

Table of Contents
-----------------
1. REPORT SUMMARY
2. REPORT DETAILS

1. REPORT SUMMARY
-----------------
            Netlist: netlist
          Floorplan: design_1
      Design limits: <entire design considered>
           Ruledeck: default
             Max checks: <unlimited>
             Checks found: 1
+---------+----------+---------------------+--------+
| Rule    | Severity | Description         | Checks |
+---------+----------+---------------------+--------+
| PLCK-12 | Warning  | Clock Placer Checks | 1      |
+---------+----------+---------------------+--------+

2. REPORT DETAILS
-----------------
PLCK-12#1 Warning
Clock Placer Checks  
Poor placement for routing between an IO pin and BUFG. 
Resolution: Poor placement of an IO pin and a BUFG has resulted in the router using a non-dedicated path between the two.  There are several things that could trigger this DRC, each of which can cause unpredictable clock insertion delays that result in poor timing.  This DRC could be caused by any of the following: (a) a clock port was placed on a pin that is not a CCIO-pin (b)the BUFG has not been placed in the same half of the device or SLR as the CCIO-pin (c) a single ended clock has been placed on the N-Side of a differential pair CCIO-pin.
 This is normally an ERROR but the CLOCK_DEDICATED_ROUTE constraint is set to FALSE allowing your design to continue. The use of this override is highly discouraged as it may lead to very poor timing results. It is recommended that this error condition be corrected in the design.

	clk2_IBUF_inst (IBUF.O) is locked to T18
	clk2_IBUF_BUFG_inst (BUFG.I) cannot be placed

Related violations: <none>


