
*** Running vivado
    with args -log gppFileMultiplexed3.vds -m64 -product Vivado -mode batch -messageDb vivado.pb -notrace -source gppFileMultiplexed3.tcl



****** Vivado v2025.2 (64-bit)
  **** SW Build 6299465 on Fri Nov 14 19:35:11 GMT 2025
  **** IP Build 6300035 on Fri Nov 14 10:48:45 MST 2025
  **** SharedData Build 6298862 on Thu Nov 13 04:50:51 MST 2025
  **** Start of session at: Wed May 27 14:52:43 2026
    ** Copyright 1986-2022 Xilinx, Inc. All Rights Reserved.
    ** Copyright 2022-2025 Advanced Micro Devices, Inc. All Rights Reserved.

source gppFileMultiplexed3.tcl -notrace
Command: read_checkpoint -auto_incremental -incremental C:/Summer/vivadoStuff/gppVerilog-main/gppVerilog-main/GPP.srcs/utils_1/imports/synth_1/dlatch.dcp
INFO: [Vivado 12-5825] Read reference checkpoint from C:/Summer/vivadoStuff/gppVerilog-main/gppVerilog-main/GPP.srcs/utils_1/imports/synth_1/dlatch.dcp for incremental synthesis
INFO: [Vivado 12-7989] Please ensure there are no constraint changes
Command: synth_design -top gppFileMultiplexed3 -part xc7a35tcpg236-1
Starting synth_design
Attempting to get a license for feature 'Synthesis' and/or device 'xc7a35t'
INFO: [Common 17-349] Got license for feature 'Synthesis' and/or device 'xc7a35t'
INFO: [Device 21-403] Loading part xc7a35tcpg236-1
INFO: [Designutils 20-5440] No compile time benefit to using incremental synthesis; A full resynthesis will be run
INFO: [Designutils 20-4379] Flow is switching to default flow due to incremental criteria not met. If you would like to alter this behaviour and have the flow terminate instead, please set the following parameter config_implementation {autoIncr.Synth.RejectBehavior Terminate}
INFO: [Synth 8-7079] Multithreading enabled for synth_design using a maximum of 2 processes.
INFO: [Synth 8-7078] Launching helper process for spawning children vivado processes
INFO: [Synth 8-7075] Helper process launched with PID 39220
---------------------------------------------------------------------------------
Starting RTL Elaboration : Time (s): cpu = 00:00:05 ; elapsed = 00:00:05 . Memory (MB): peak = 1280.395 ; gain = 540.695
---------------------------------------------------------------------------------
INFO: [Synth 8-6157] synthesizing module 'gppFileMultiplexed3' [C:/Summer/vivadoStuff/gppVerilog-main/gppVerilog-main/GPP.srcs/sources_1/new/gppFileMultiplexed3.v:23]
INFO: [Synth 8-6157] synthesizing module 'dlatch' [C:/Summer/vivadoStuff/gppVerilog-main/gppVerilog-main/GPP.srcs/sources_1/new/register.v:23]
INFO: [Synth 8-6155] done synthesizing module 'dlatch' (0#1) [C:/Summer/vivadoStuff/gppVerilog-main/gppVerilog-main/GPP.srcs/sources_1/new/register.v:23]
INFO: [Synth 8-6157] synthesizing module 'fsm' [C:/Summer/vivadoStuff/gppVerilog-main/gppVerilog-main/GPP.srcs/sources_1/new/fsm.v:23]
INFO: [Synth 8-155] case statement is not full and has no default [C:/Summer/vivadoStuff/gppVerilog-main/gppVerilog-main/GPP.srcs/sources_1/new/fsm.v:36]
INFO: [Synth 8-155] case statement is not full and has no default [C:/Summer/vivadoStuff/gppVerilog-main/gppVerilog-main/GPP.srcs/sources_1/new/fsm.v:56]
INFO: [Synth 8-6155] done synthesizing module 'fsm' (0#1) [C:/Summer/vivadoStuff/gppVerilog-main/gppVerilog-main/GPP.srcs/sources_1/new/fsm.v:23]
INFO: [Synth 8-6157] synthesizing module 'ssegLab3' [C:/Summer/vivadoStuff/gppVerilog-main/gppVerilog-main/GPP.srcs/sources_1/new/ssegLab3.v:23]
INFO: [Synth 8-226] default block is never used [C:/Summer/vivadoStuff/gppVerilog-main/gppVerilog-main/GPP.srcs/sources_1/new/ssegLab3.v:40]
INFO: [Synth 8-6155] done synthesizing module 'ssegLab3' (0#1) [C:/Summer/vivadoStuff/gppVerilog-main/gppVerilog-main/GPP.srcs/sources_1/new/ssegLab3.v:23]
INFO: [Synth 8-6157] synthesizing module 'fourby16decode' [C:/Summer/vivadoStuff/gppVerilog-main/gppVerilog-main/GPP.srcs/sources_1/new/threeby8decoder.v:22]
INFO: [Synth 8-6157] synthesizing module 'threeby8decoder' [C:/Summer/vivadoStuff/gppVerilog-main/gppVerilog-main/GPP.srcs/sources_1/new/threeby8decoder.v:37]
INFO: [Synth 8-6155] done synthesizing module 'threeby8decoder' (0#1) [C:/Summer/vivadoStuff/gppVerilog-main/gppVerilog-main/GPP.srcs/sources_1/new/threeby8decoder.v:37]
INFO: [Synth 8-6155] done synthesizing module 'fourby16decode' (0#1) [C:/Summer/vivadoStuff/gppVerilog-main/gppVerilog-main/GPP.srcs/sources_1/new/threeby8decoder.v:22]
INFO: [Synth 8-6157] synthesizing module 'aluModified2' [C:/Summer/vivadoStuff/gppVerilog-main/gppVerilog-main/GPP.srcs/sources_1/new/aluModified2.v:23]
INFO: [Synth 8-6155] done synthesizing module 'aluModified2' (0#1) [C:/Summer/vivadoStuff/gppVerilog-main/gppVerilog-main/GPP.srcs/sources_1/new/aluModified2.v:23]
INFO: [Synth 8-6157] synthesizing module 'ssegLab6' [C:/Summer/vivadoStuff/gppVerilog-main/gppVerilog-main/GPP.srcs/sim_1/new/ssegLab6.v:23]
INFO: [Synth 8-6155] done synthesizing module 'ssegLab6' (0#1) [C:/Summer/vivadoStuff/gppVerilog-main/gppVerilog-main/GPP.srcs/sim_1/new/ssegLab6.v:23]
INFO: [Synth 8-6155] done synthesizing module 'gppFileMultiplexed3' (0#1) [C:/Summer/vivadoStuff/gppVerilog-main/gppVerilog-main/GPP.srcs/sources_1/new/gppFileMultiplexed3.v:23]
WARNING: [Synth 8-7129] Port B[7] in module aluModified2 is either unconnected or has no load
WARNING: [Synth 8-7129] Port B[6] in module aluModified2 is either unconnected or has no load
WARNING: [Synth 8-7129] Port B[5] in module aluModified2 is either unconnected or has no load
WARNING: [Synth 8-7129] Port B[4] in module aluModified2 is either unconnected or has no load
WARNING: [Synth 8-7129] Port B[3] in module aluModified2 is either unconnected or has no load
WARNING: [Synth 8-7129] Port B[2] in module aluModified2 is either unconnected or has no load
WARNING: [Synth 8-7129] Port B[1] in module aluModified2 is either unconnected or has no load
WARNING: [Synth 8-7129] Port B[0] in module aluModified2 is either unconnected or has no load
---------------------------------------------------------------------------------
Finished RTL Elaboration : Time (s): cpu = 00:00:06 ; elapsed = 00:00:07 . Memory (MB): peak = 1399.668 ; gain = 659.969
---------------------------------------------------------------------------------
---------------------------------------------------------------------------------
Start Handling Custom Attributes
---------------------------------------------------------------------------------
---------------------------------------------------------------------------------
Finished Handling Custom Attributes : Time (s): cpu = 00:00:06 ; elapsed = 00:00:07 . Memory (MB): peak = 1399.668 ; gain = 659.969
---------------------------------------------------------------------------------
---------------------------------------------------------------------------------
Finished RTL Optimization Phase 1 : Time (s): cpu = 00:00:06 ; elapsed = 00:00:07 . Memory (MB): peak = 1399.668 ; gain = 659.969
---------------------------------------------------------------------------------
Netlist sorting complete. Time (s): cpu = 00:00:00 ; elapsed = 00:00:00.001 . Memory (MB): peak = 1399.668 ; gain = 0.000
INFO: [Project 1-570] Preparing netlist for logic optimization

Processing XDC Constraints
Initializing timing engine
Parsing XDC File [C:/Summer/vivadoStuff/gppVerilog-main/gppVerilog-main/GPP.srcs/constrs_1/Basys-3-Master.xdc]
WARNING: [Vivado 12-507] No nets matched 'clk2_IBUF'. [C:/Summer/vivadoStuff/gppVerilog-main/gppVerilog-main/GPP.srcs/constrs_1/Basys-3-Master.xdc:161]
CRITICAL WARNING: [Common 17-55] 'set_property' expects at least one object. [C:/Summer/vivadoStuff/gppVerilog-main/gppVerilog-main/GPP.srcs/constrs_1/Basys-3-Master.xdc:161]
Resolution: If [get_<value>] was used to populate the object, check to make sure this command returns at least one valid object.
Finished Parsing XDC File [C:/Summer/vivadoStuff/gppVerilog-main/gppVerilog-main/GPP.srcs/constrs_1/Basys-3-Master.xdc]
INFO: [Project 1-236] Implementation specific constraints were found while reading constraint file [C:/Summer/vivadoStuff/gppVerilog-main/gppVerilog-main/GPP.srcs/constrs_1/Basys-3-Master.xdc]. These constraints will be ignored for synthesis but will be used in implementation. Impacted constraints are listed in the file [.Xil/gppFileMultiplexed3_propImpl.xdc].
Resolution: To avoid this warning, move constraints listed in [.Xil/gppFileMultiplexed3_propImpl.xdc] to another XDC file and exclude this new file from synthesis with the used_in_synthesis property (File Properties dialog in GUI) and re-run elaboration/synthesis.
Completed Processing XDC Constraints

Netlist sorting complete. Time (s): cpu = 00:00:00 ; elapsed = 00:00:00.001 . Memory (MB): peak = 1459.285 ; gain = 0.000
INFO: [Project 1-111] Unisim Transformation Summary:
No Unisim elements were transformed.

Constraint Validation Runtime : Time (s): cpu = 00:00:00 ; elapsed = 00:00:00.002 . Memory (MB): peak = 1459.285 ; gain = 0.000
INFO: [Designutils 20-5440] No compile time benefit to using incremental synthesis; A full resynthesis will be run
INFO: [Designutils 20-4379] Flow is switching to default flow due to incremental criteria not met. If you would like to alter this behaviour and have the flow terminate instead, please set the following parameter config_implementation {autoIncr.Synth.RejectBehavior Terminate}
---------------------------------------------------------------------------------
Finished Constraint Validation : Time (s): cpu = 00:00:11 ; elapsed = 00:00:12 . Memory (MB): peak = 1459.285 ; gain = 719.586
---------------------------------------------------------------------------------
---------------------------------------------------------------------------------
Start Loading Part and Timing Information
---------------------------------------------------------------------------------
Loading part: xc7a35tcpg236-1
---------------------------------------------------------------------------------
Finished Loading Part and Timing Information : Time (s): cpu = 00:00:11 ; elapsed = 00:00:12 . Memory (MB): peak = 1459.285 ; gain = 719.586
---------------------------------------------------------------------------------
---------------------------------------------------------------------------------
Start Applying 'set_property' XDC Constraints
---------------------------------------------------------------------------------
---------------------------------------------------------------------------------
Finished applying 'set_property' XDC Constraints : Time (s): cpu = 00:00:11 ; elapsed = 00:00:12 . Memory (MB): peak = 1459.285 ; gain = 719.586
---------------------------------------------------------------------------------
INFO: [Synth 8-802] inferred FSM for state register 'state_reg' in module 'fsm'
WARNING: [Synth 8-327] inferring latch for variable 'Q_reg' [C:/Summer/vivadoStuff/gppVerilog-main/gppVerilog-main/GPP.srcs/sources_1/new/register.v:33]
WARNING: [Synth 8-327] inferring latch for variable 'FSM_sequential_next_reg' [C:/Summer/vivadoStuff/gppVerilog-main/gppVerilog-main/GPP.srcs/sources_1/new/fsm.v:38]
WARNING: [Synth 8-327] inferring latch for variable 'FSM_onehot_next_reg' [C:/Summer/vivadoStuff/gppVerilog-main/gppVerilog-main/GPP.srcs/sources_1/new/fsm.v:38]
---------------------------------------------------------------------------------------------------
                   State |                     New Encoding |                Previous Encoding 
---------------------------------------------------------------------------------------------------
                      s0 |                             0000 |                             0000
                      s1 |                             0001 |                             0001
                      s2 |                             0010 |                             0010
                      s3 |                             0011 |                             0011
                      s4 |                             0100 |                             0100
                      s5 |                             0101 |                             0101
                      s6 |                             0110 |                             0110
                      s7 |                             0111 |                             0111
                      s8 |                             1000 |                             1000
---------------------------------------------------------------------------------------------------
INFO: [Synth 8-3354] encoded FSM with state register 'state_reg' using encoding 'sequential' in module 'fsm'
WARNING: [Synth 8-327] inferring latch for variable 'FSM_sequential_next_reg' [C:/Summer/vivadoStuff/gppVerilog-main/gppVerilog-main/GPP.srcs/sources_1/new/fsm.v:38]
WARNING: [Synth 8-327] inferring latch for variable 'student_id_reg' [C:/Summer/vivadoStuff/gppVerilog-main/gppVerilog-main/GPP.srcs/sources_1/new/fsm.v:57]
---------------------------------------------------------------------------------
Finished RTL Optimization Phase 2 : Time (s): cpu = 00:00:12 ; elapsed = 00:00:12 . Memory (MB): peak = 1459.285 ; gain = 719.586
---------------------------------------------------------------------------------
---------------------------------------------------------------------------------
Start RTL Component Statistics 
---------------------------------------------------------------------------------
Detailed RTL Component Info : 
+---Adders : 
	   2 Input   17 Bit       Adders := 1     
	   2 Input    1 Bit       Adders := 1     
+---Registers : 
	               17 Bit    Registers := 1     
	                4 Bit    Registers := 1     
	                1 Bit    Registers := 2     
+---Muxes : 
	   2 Input    8 Bit        Muxes := 2     
	   8 Input    8 Bit        Muxes := 2     
	   2 Input    7 Bit        Muxes := 4     
	   9 Input    4 Bit        Muxes := 3     
	   2 Input    4 Bit        Muxes := 9     
	   9 Input    1 Bit        Muxes := 3     
---------------------------------------------------------------------------------
Finished RTL Component Statistics 
---------------------------------------------------------------------------------
---------------------------------------------------------------------------------
Start Part Resource Summary
---------------------------------------------------------------------------------
Part Resources:
DSPs: 90 (col length:60)
BRAMs: 100 (col length: RAMB18 60 RAMB36 30)
---------------------------------------------------------------------------------
Finished Part Resource Summary
---------------------------------------------------------------------------------
---------------------------------------------------------------------------------
Start Cross Boundary and Area Optimization
---------------------------------------------------------------------------------
WARNING: [Synth 8-3917] design gppFileMultiplexed3 has port an[2] driven by constant 1
WARNING: [Synth 8-3917] design gppFileMultiplexed3 has port an[1] driven by constant 1
WARNING: [Synth 8-3332] Sequential element (latchB/Q_reg[7]) is unused and will be removed from module gppFileMultiplexed3.
WARNING: [Synth 8-3332] Sequential element (latchB/Q_reg[6]) is unused and will be removed from module gppFileMultiplexed3.
WARNING: [Synth 8-3332] Sequential element (latchB/Q_reg[5]) is unused and will be removed from module gppFileMultiplexed3.
WARNING: [Synth 8-3332] Sequential element (latchB/Q_reg[4]) is unused and will be removed from module gppFileMultiplexed3.
WARNING: [Synth 8-3332] Sequential element (latchB/Q_reg[3]) is unused and will be removed from module gppFileMultiplexed3.
WARNING: [Synth 8-3332] Sequential element (latchB/Q_reg[2]) is unused and will be removed from module gppFileMultiplexed3.
WARNING: [Synth 8-3332] Sequential element (latchB/Q_reg[1]) is unused and will be removed from module gppFileMultiplexed3.
WARNING: [Synth 8-3332] Sequential element (latchB/Q_reg[0]) is unused and will be removed from module gppFileMultiplexed3.
---------------------------------------------------------------------------------
Finished Cross Boundary and Area Optimization : Time (s): cpu = 00:00:13 ; elapsed = 00:00:14 . Memory (MB): peak = 1459.285 ; gain = 719.586
---------------------------------------------------------------------------------
---------------------------------------------------------------------------------
Start Applying XDC Timing Constraints
---------------------------------------------------------------------------------
---------------------------------------------------------------------------------
Finished Applying XDC Timing Constraints : Time (s): cpu = 00:00:16 ; elapsed = 00:00:17 . Memory (MB): peak = 1596.098 ; gain = 856.398
---------------------------------------------------------------------------------
---------------------------------------------------------------------------------
Start Timing Optimization
---------------------------------------------------------------------------------
---------------------------------------------------------------------------------
Finished Timing Optimization : Time (s): cpu = 00:00:16 ; elapsed = 00:00:17 . Memory (MB): peak = 1615.332 ; gain = 875.633
---------------------------------------------------------------------------------
---------------------------------------------------------------------------------
Start Technology Mapping
---------------------------------------------------------------------------------
---------------------------------------------------------------------------------
Finished Technology Mapping : Time (s): cpu = 00:00:16 ; elapsed = 00:00:17 . Memory (MB): peak = 1615.816 ; gain = 876.117
---------------------------------------------------------------------------------
---------------------------------------------------------------------------------
Start IO Insertion
---------------------------------------------------------------------------------
---------------------------------------------------------------------------------
Start Flattening Before IO Insertion
---------------------------------------------------------------------------------
---------------------------------------------------------------------------------
Finished Flattening Before IO Insertion
---------------------------------------------------------------------------------
---------------------------------------------------------------------------------
Start Final Netlist Cleanup
---------------------------------------------------------------------------------
---------------------------------------------------------------------------------
Finished Final Netlist Cleanup
---------------------------------------------------------------------------------
---------------------------------------------------------------------------------
Finished IO Insertion : Time (s): cpu = 00:00:19 ; elapsed = 00:00:20 . Memory (MB): peak = 1855.484 ; gain = 1115.785
---------------------------------------------------------------------------------
---------------------------------------------------------------------------------
Start Renaming Generated Instances
---------------------------------------------------------------------------------
---------------------------------------------------------------------------------
Finished Renaming Generated Instances : Time (s): cpu = 00:00:19 ; elapsed = 00:00:20 . Memory (MB): peak = 1855.484 ; gain = 1115.785
---------------------------------------------------------------------------------
---------------------------------------------------------------------------------
Start Rebuilding User Hierarchy
---------------------------------------------------------------------------------
---------------------------------------------------------------------------------
Finished Rebuilding User Hierarchy : Time (s): cpu = 00:00:19 ; elapsed = 00:00:20 . Memory (MB): peak = 1855.484 ; gain = 1115.785
---------------------------------------------------------------------------------
---------------------------------------------------------------------------------
Start Renaming Generated Ports
---------------------------------------------------------------------------------
---------------------------------------------------------------------------------
Finished Renaming Generated Ports : Time (s): cpu = 00:00:19 ; elapsed = 00:00:20 . Memory (MB): peak = 1855.484 ; gain = 1115.785
---------------------------------------------------------------------------------
---------------------------------------------------------------------------------
Start Handling Custom Attributes
---------------------------------------------------------------------------------
---------------------------------------------------------------------------------
Finished Handling Custom Attributes : Time (s): cpu = 00:00:19 ; elapsed = 00:00:20 . Memory (MB): peak = 1855.484 ; gain = 1115.785
---------------------------------------------------------------------------------
---------------------------------------------------------------------------------
Start Renaming Generated Nets
---------------------------------------------------------------------------------
---------------------------------------------------------------------------------
Finished Renaming Generated Nets : Time (s): cpu = 00:00:19 ; elapsed = 00:00:20 . Memory (MB): peak = 1855.484 ; gain = 1115.785
---------------------------------------------------------------------------------
---------------------------------------------------------------------------------
Start Writing Synthesis Report
---------------------------------------------------------------------------------

Report BlackBoxes: 
+-+--------------+----------+
| |BlackBox name |Instances |
+-+--------------+----------+
+-+--------------+----------+

Report Cell Usage: 
+------+-------+------+
|      |Cell   |Count |
+------+-------+------+
|1     |BUFG   |     2|
|2     |CARRY4 |     4|
|3     |LUT1   |     2|
|4     |LUT2   |     1|
|5     |LUT3   |     2|
|6     |LUT4   |     9|
|7     |LUT5   |     5|
|8     |LUT6   |     8|
|9     |FDCE   |     6|
|10    |FDPE   |     2|
|11    |FDRE   |    19|
|12    |LD     |     8|
|13    |LDC    |     8|
|14    |IBUF   |    12|
|15    |OBUF   |    11|
+------+-------+------+
---------------------------------------------------------------------------------
Finished Writing Synthesis Report : Time (s): cpu = 00:00:19 ; elapsed = 00:00:20 . Memory (MB): peak = 1855.484 ; gain = 1115.785
---------------------------------------------------------------------------------
Synthesis finished with 0 errors, 0 critical warnings and 15 warnings.
Synthesis Optimization Runtime : Time (s): cpu = 00:00:12 ; elapsed = 00:00:19 . Memory (MB): peak = 1855.484 ; gain = 1056.168
Synthesis Optimization Complete : Time (s): cpu = 00:00:19 ; elapsed = 00:00:20 . Memory (MB): peak = 1855.484 ; gain = 1115.785
INFO: [Project 1-571] Translating synthesized netlist
Netlist sorting complete. Time (s): cpu = 00:00:00 ; elapsed = 00:00:00.001 . Memory (MB): peak = 1864.691 ; gain = 0.000
INFO: [Netlist 29-17] Analyzing 20 Unisim elements for replacement
INFO: [Netlist 29-28] Unisim Transformation completed in 0 CPU seconds
INFO: [Project 1-570] Preparing netlist for logic optimization
INFO: [Opt 31-138] Pushed 0 inverter(s) to 0 load pin(s).
Netlist sorting complete. Time (s): cpu = 00:00:00 ; elapsed = 00:00:00 . Memory (MB): peak = 1868.352 ; gain = 0.000
INFO: [Project 1-111] Unisim Transformation Summary:
  A total of 16 instances were transformed.
  LD => LDCE: 8 instances
  LDC => LDCE: 8 instances

Synth Design complete | Checksum: 3ad48244
INFO: [Common 17-83] Releasing license: Synthesis
42 Infos, 24 Warnings, 1 Critical Warnings and 0 Errors encountered.
synth_design completed successfully
synth_design: Time (s): cpu = 00:00:23 ; elapsed = 00:00:25 . Memory (MB): peak = 1868.352 ; gain = 1313.688
INFO: [runtcl-6] Synthesis results are not added to the cache due to CRITICAL_WARNING
Write ShapeDB Complete: Time (s): cpu = 00:00:00 ; elapsed = 00:00:00.001 . Memory (MB): peak = 1868.352 ; gain = 0.000
INFO: [Common 17-1381] The checkpoint 'C:/Summer/vivadoStuff/gppVerilog-main/gppVerilog-main/GPP.runs/synth_1/gppFileMultiplexed3.dcp' has been generated.
INFO: [Vivado 12-24828] Executing command : report_utilization -file gppFileMultiplexed3_utilization_synth.rpt -pb gppFileMultiplexed3_utilization_synth.pb
INFO: [Common 17-206] Exiting Vivado at Wed May 27 14:53:13 2026...
